<?xml version="1.0" encoding="UTF-8"?>
<!-- Generated by org.testng.reporters.JUnitReportReporter -->
<testsuite skipped="0" hostname="Anup" name="pages.Homepage" tests="1" failures="0" timestamp="16 Jan 2019 12:52:44 GMT" time="11.334" errors="0">
  <testcase name="method" time="11.334" classname="pages.Homepage"/>
</testsuite> <!-- pages.Homepage -->
